2023-04-20 16:20:50,743 [Worker-5: Loading available Gradle versions] INFO  o.e.b.c.i.u.g.PublishedGradleVersions - Gradle version information cache is out-of-date. Trying to update.
2023-05-02 10:47:06,335 [Worker-1: Loading available Gradle versions] INFO  o.e.b.c.i.u.g.PublishedGradleVersions - Gradle version information cache is up-to-date. Trying to read.
2023-05-29 20:05:47,244 [Worker-3: Loading available Gradle versions] INFO  o.e.b.c.i.u.g.PublishedGradleVersions - Gradle version information cache is up-to-date. Trying to read.
2023-05-29 20:08:28,792 [Worker-6: Launching mavenrun-dd342505-4f87-47a9-b90c-6b835704e9a3] INFO  o.eclipse.m2e.core.internal.Bundles - getClasspathEntries(Bundle=org.eclipse.m2e.maven.runtime_3.8.701.20230209-1606 [271])
2023-05-29 20:08:28,896 [Worker-6: Launching mavenrun-dd342505-4f87-47a9-b90c-6b835704e9a3] INFO  o.eclipse.m2e.core.internal.Bundles - 	Entry: C:\Users\rockz\.p2\pool\plugins\org.eclipse.m2e.maven.runtime_3.8.701.20230209-1606
2023-05-29 20:08:28,896 [Worker-6: Launching mavenrun-dd342505-4f87-47a9-b90c-6b835704e9a3] INFO  o.eclipse.m2e.core.internal.Bundles - 	Entry: C:\Users\rockz\.p2\pool\plugins\org.eclipse.m2e.maven.runtime_3.8.701.20230209-1606\jars\aether-connector-okhttp-0.17.8.jar
2023-05-29 20:08:28,897 [Worker-6: Launching mavenrun-dd342505-4f87-47a9-b90c-6b835704e9a3] INFO  o.eclipse.m2e.core.internal.Bundles - 	Entry: C:\Users\rockz\.p2\pool\plugins\org.eclipse.m2e.maven.runtime_3.8.701.20230209-1606\jars\commons-lang3-3.8.1.jar
2023-05-29 20:08:28,897 [Worker-6: Launching mavenrun-dd342505-4f87-47a9-b90c-6b835704e9a3] INFO  o.eclipse.m2e.core.internal.Bundles - 	Entry: C:\Users\rockz\.p2\pool\plugins\org.eclipse.m2e.maven.runtime_3.8.701.20230209-1606\jars\guice-4.2.2-no_aop.jar
2023-05-29 20:08:28,898 [Worker-6: Launching mavenrun-dd342505-4f87-47a9-b90c-6b835704e9a3] INFO  o.eclipse.m2e.core.internal.Bundles - 	Entry: C:\Users\rockz\.p2\pool\plugins\org.eclipse.m2e.maven.runtime_3.8.701.20230209-1606\jars\jansi-2.4.0.jar
2023-05-29 20:08:28,898 [Worker-6: Launching mavenrun-dd342505-4f87-47a9-b90c-6b835704e9a3] INFO  o.eclipse.m2e.core.internal.Bundles - 	Entry: C:\Users\rockz\.p2\pool\plugins\org.eclipse.m2e.maven.runtime_3.8.701.20230209-1606\jars\maven-artifact-3.8.7.jar
2023-05-29 20:08:28,898 [Worker-6: Launching mavenrun-dd342505-4f87-47a9-b90c-6b835704e9a3] INFO  o.eclipse.m2e.core.internal.Bundles - 	Entry: C:\Users\rockz\.p2\pool\plugins\org.eclipse.m2e.maven.runtime_3.8.701.20230209-1606\jars\maven-builder-support-3.8.7.jar
2023-05-29 20:08:28,899 [Worker-6: Launching mavenrun-dd342505-4f87-47a9-b90c-6b835704e9a3] INFO  o.eclipse.m2e.core.internal.Bundles - 	Entry: C:\Users\rockz\.p2\pool\plugins\org.eclipse.m2e.maven.runtime_3.8.701.20230209-1606\jars\maven-compat-3.8.7.jar
2023-05-29 20:08:28,899 [Worker-6: Launching mavenrun-dd342505-4f87-47a9-b90c-6b835704e9a3] INFO  o.eclipse.m2e.core.internal.Bundles - 	Entry: C:\Users\rockz\.p2\pool\plugins\org.eclipse.m2e.maven.runtime_3.8.701.20230209-1606\jars\maven-core-3.8.7.jar
2023-05-29 20:08:28,899 [Worker-6: Launching mavenrun-dd342505-4f87-47a9-b90c-6b835704e9a3] INFO  o.eclipse.m2e.core.internal.Bundles - 	Entry: C:\Users\rockz\.p2\pool\plugins\org.eclipse.m2e.maven.runtime_3.8.701.20230209-1606\jars\maven-embedder-3.8.7.jar
2023-05-29 20:08:28,900 [Worker-6: Launching mavenrun-dd342505-4f87-47a9-b90c-6b835704e9a3] INFO  o.eclipse.m2e.core.internal.Bundles - 	Entry: C:\Users\rockz\.p2\pool\plugins\org.eclipse.m2e.maven.runtime_3.8.701.20230209-1606\jars\maven-model-3.8.7.jar
2023-05-29 20:08:28,900 [Worker-6: Launching mavenrun-dd342505-4f87-47a9-b90c-6b835704e9a3] INFO  o.eclipse.m2e.core.internal.Bundles - 	Entry: C:\Users\rockz\.p2\pool\plugins\org.eclipse.m2e.maven.runtime_3.8.701.20230209-1606\jars\maven-model-builder-3.8.7.jar
2023-05-29 20:08:28,900 [Worker-6: Launching mavenrun-dd342505-4f87-47a9-b90c-6b835704e9a3] INFO  o.eclipse.m2e.core.internal.Bundles - 	Entry: C:\Users\rockz\.p2\pool\plugins\org.eclipse.m2e.maven.runtime_3.8.701.20230209-1606\jars\maven-plugin-api-3.8.7.jar
2023-05-29 20:08:28,901 [Worker-6: Launching mavenrun-dd342505-4f87-47a9-b90c-6b835704e9a3] INFO  o.eclipse.m2e.core.internal.Bundles - 	Entry: C:\Users\rockz\.p2\pool\plugins\org.eclipse.m2e.maven.runtime_3.8.701.20230209-1606\jars\maven-repository-metadata-3.8.7.jar
2023-05-29 20:08:28,901 [Worker-6: Launching mavenrun-dd342505-4f87-47a9-b90c-6b835704e9a3] INFO  o.eclipse.m2e.core.internal.Bundles - 	Entry: C:\Users\rockz\.p2\pool\plugins\org.eclipse.m2e.maven.runtime_3.8.701.20230209-1606\jars\maven-resolver-api-1.6.3.jar
2023-05-29 20:08:28,901 [Worker-6: Launching mavenrun-dd342505-4f87-47a9-b90c-6b835704e9a3] INFO  o.eclipse.m2e.core.internal.Bundles - 	Entry: C:\Users\rockz\.p2\pool\plugins\org.eclipse.m2e.maven.runtime_3.8.701.20230209-1606\jars\maven-resolver-connector-basic-1.6.3.jar
2023-05-29 20:08:28,902 [Worker-6: Launching mavenrun-dd342505-4f87-47a9-b90c-6b835704e9a3] INFO  o.eclipse.m2e.core.internal.Bundles - 	Entry: C:\Users\rockz\.p2\pool\plugins\org.eclipse.m2e.maven.runtime_3.8.701.20230209-1606\jars\maven-resolver-impl-1.6.3.jar
2023-05-29 20:08:28,902 [Worker-6: Launching mavenrun-dd342505-4f87-47a9-b90c-6b835704e9a3] INFO  o.eclipse.m2e.core.internal.Bundles - 	Entry: C:\Users\rockz\.p2\pool\plugins\org.eclipse.m2e.maven.runtime_3.8.701.20230209-1606\jars\maven-resolver-provider-3.8.7.jar
2023-05-29 20:08:28,902 [Worker-6: Launching mavenrun-dd342505-4f87-47a9-b90c-6b835704e9a3] INFO  o.eclipse.m2e.core.internal.Bundles - 	Entry: C:\Users\rockz\.p2\pool\plugins\org.eclipse.m2e.maven.runtime_3.8.701.20230209-1606\jars\maven-resolver-spi-1.6.3.jar
2023-05-29 20:08:28,903 [Worker-6: Launching mavenrun-dd342505-4f87-47a9-b90c-6b835704e9a3] INFO  o.eclipse.m2e.core.internal.Bundles - 	Entry: C:\Users\rockz\.p2\pool\plugins\org.eclipse.m2e.maven.runtime_3.8.701.20230209-1606\jars\maven-resolver-transport-wagon-1.6.3.jar
2023-05-29 20:08:28,903 [Worker-6: Launching mavenrun-dd342505-4f87-47a9-b90c-6b835704e9a3] INFO  o.eclipse.m2e.core.internal.Bundles - 	Entry: C:\Users\rockz\.p2\pool\plugins\org.eclipse.m2e.maven.runtime_3.8.701.20230209-1606\jars\maven-resolver-util-1.6.3.jar
2023-05-29 20:08:28,903 [Worker-6: Launching mavenrun-dd342505-4f87-47a9-b90c-6b835704e9a3] INFO  o.eclipse.m2e.core.internal.Bundles - 	Entry: C:\Users\rockz\.p2\pool\plugins\org.eclipse.m2e.maven.runtime_3.8.701.20230209-1606\jars\maven-settings-3.8.7.jar
2023-05-29 20:08:28,903 [Worker-6: Launching mavenrun-dd342505-4f87-47a9-b90c-6b835704e9a3] INFO  o.eclipse.m2e.core.internal.Bundles - 	Entry: C:\Users\rockz\.p2\pool\plugins\org.eclipse.m2e.maven.runtime_3.8.701.20230209-1606\jars\maven-settings-builder-3.8.7.jar
2023-05-29 20:08:28,904 [Worker-6: Launching mavenrun-dd342505-4f87-47a9-b90c-6b835704e9a3] INFO  o.eclipse.m2e.core.internal.Bundles - 	Entry: C:\Users\rockz\.p2\pool\plugins\org.eclipse.m2e.maven.runtime_3.8.701.20230209-1606\jars\maven-shared-utils-3.3.4.jar
2023-05-29 20:08:28,904 [Worker-6: Launching mavenrun-dd342505-4f87-47a9-b90c-6b835704e9a3] INFO  o.eclipse.m2e.core.internal.Bundles - 	Entry: C:\Users\rockz\.p2\pool\plugins\org.eclipse.m2e.maven.runtime_3.8.701.20230209-1606\jars\okhttp-3.14.1.jar
2023-05-29 20:08:28,904 [Worker-6: Launching mavenrun-dd342505-4f87-47a9-b90c-6b835704e9a3] INFO  o.eclipse.m2e.core.internal.Bundles - 	Entry: C:\Users\rockz\.p2\pool\plugins\org.eclipse.m2e.maven.runtime_3.8.701.20230209-1606\jars\okio-1.17.3.jar
2023-05-29 20:08:28,905 [Worker-6: Launching mavenrun-dd342505-4f87-47a9-b90c-6b835704e9a3] INFO  o.eclipse.m2e.core.internal.Bundles - 	Entry: C:\Users\rockz\.p2\pool\plugins\org.eclipse.m2e.maven.runtime_3.8.701.20230209-1606\jars\org.eclipse.sisu.inject-0.3.5.jar
2023-05-29 20:08:28,905 [Worker-6: Launching mavenrun-dd342505-4f87-47a9-b90c-6b835704e9a3] INFO  o.eclipse.m2e.core.internal.Bundles - 	Entry: C:\Users\rockz\.p2\pool\plugins\org.eclipse.m2e.maven.runtime_3.8.701.20230209-1606\jars\org.eclipse.sisu.plexus-0.3.5.jar
2023-05-29 20:08:28,905 [Worker-6: Launching mavenrun-dd342505-4f87-47a9-b90c-6b835704e9a3] INFO  o.eclipse.m2e.core.internal.Bundles - 	Entry: C:\Users\rockz\.p2\pool\plugins\org.eclipse.m2e.maven.runtime_3.8.701.20230209-1606\jars\plexus-build-api-0.0.7.jar
2023-05-29 20:08:28,906 [Worker-6: Launching mavenrun-dd342505-4f87-47a9-b90c-6b835704e9a3] INFO  o.eclipse.m2e.core.internal.Bundles - 	Entry: C:\Users\rockz\.p2\pool\plugins\org.eclipse.m2e.maven.runtime_3.8.701.20230209-1606\jars\plexus-cipher-2.0.jar
2023-05-29 20:08:28,906 [Worker-6: Launching mavenrun-dd342505-4f87-47a9-b90c-6b835704e9a3] INFO  o.eclipse.m2e.core.internal.Bundles - 	Entry: C:\Users\rockz\.p2\pool\plugins\org.eclipse.m2e.maven.runtime_3.8.701.20230209-1606\jars\plexus-classworlds-2.6.0.jar
2023-05-29 20:08:28,907 [Worker-6: Launching mavenrun-dd342505-4f87-47a9-b90c-6b835704e9a3] INFO  o.eclipse.m2e.core.internal.Bundles - 	Entry: C:\Users\rockz\.p2\pool\plugins\org.eclipse.m2e.maven.runtime_3.8.701.20230209-1606\jars\plexus-component-annotations-2.1.0.jar
2023-05-29 20:08:28,907 [Worker-6: Launching mavenrun-dd342505-4f87-47a9-b90c-6b835704e9a3] INFO  o.eclipse.m2e.core.internal.Bundles - 	Entry: C:\Users\rockz\.p2\pool\plugins\org.eclipse.m2e.maven.runtime_3.8.701.20230209-1606\jars\plexus-interpolation-1.26.jar
2023-05-29 20:08:28,907 [Worker-6: Launching mavenrun-dd342505-4f87-47a9-b90c-6b835704e9a3] INFO  o.eclipse.m2e.core.internal.Bundles - 	Entry: C:\Users\rockz\.p2\pool\plugins\org.eclipse.m2e.maven.runtime_3.8.701.20230209-1606\jars\plexus-sec-dispatcher-2.0.jar
2023-05-29 20:08:28,907 [Worker-6: Launching mavenrun-dd342505-4f87-47a9-b90c-6b835704e9a3] INFO  o.eclipse.m2e.core.internal.Bundles - 	Entry: C:\Users\rockz\.p2\pool\plugins\org.eclipse.m2e.maven.runtime_3.8.701.20230209-1606\jars\plexus-utils-3.3.1.jar
2023-05-29 20:08:28,908 [Worker-6: Launching mavenrun-dd342505-4f87-47a9-b90c-6b835704e9a3] INFO  o.eclipse.m2e.core.internal.Bundles - 	Entry: C:\Users\rockz\.p2\pool\plugins\org.eclipse.m2e.maven.runtime_3.8.701.20230209-1606\jars\wagon-file-3.5.3.jar
2023-05-29 20:08:28,908 [Worker-6: Launching mavenrun-dd342505-4f87-47a9-b90c-6b835704e9a3] INFO  o.eclipse.m2e.core.internal.Bundles - 	Entry: C:\Users\rockz\.p2\pool\plugins\org.eclipse.m2e.maven.runtime_3.8.701.20230209-1606\jars\wagon-provider-api-3.5.3.jar
2023-05-29 20:08:28,911 [Worker-6: Launching mavenrun-dd342505-4f87-47a9-b90c-6b835704e9a3] INFO  o.eclipse.m2e.core.internal.Bundles - getClasspathEntries(Bundle=com.google.guava_31.1.0.jre [9])
2023-05-29 20:08:28,913 [Worker-6: Launching mavenrun-dd342505-4f87-47a9-b90c-6b835704e9a3] INFO  o.eclipse.m2e.core.internal.Bundles - 	Entry: C:\Users\rockz\.p2\pool\plugins\com.google.guava_31.1.0.jre.jar
2023-05-29 20:08:28,913 [Worker-6: Launching mavenrun-dd342505-4f87-47a9-b90c-6b835704e9a3] INFO  o.eclipse.m2e.core.internal.Bundles - getClasspathEntries(Bundle=slf4j.api_1.7.36 [439])
2023-05-29 20:08:28,962 [Worker-6: Launching mavenrun-dd342505-4f87-47a9-b90c-6b835704e9a3] INFO  o.eclipse.m2e.core.internal.Bundles - 	Entry: C:\Users\rockz\.p2\pool\plugins\slf4j.api_1.7.36.jar
2023-05-29 20:08:28,963 [Worker-6: Launching mavenrun-dd342505-4f87-47a9-b90c-6b835704e9a3] INFO  o.eclipse.m2e.core.internal.Bundles - getClasspathEntries(Bundle=javax.inject_1.0.0.v20220405-0441 [21])
2023-05-29 20:08:28,966 [Worker-6: Launching mavenrun-dd342505-4f87-47a9-b90c-6b835704e9a3] INFO  o.eclipse.m2e.core.internal.Bundles - 	Entry: C:\Users\rockz\.p2\pool\plugins\javax.inject_1.0.0.v20220405-0441.jar
2023-05-29 20:08:28,967 [Worker-6: Launching mavenrun-dd342505-4f87-47a9-b90c-6b835704e9a3] INFO  o.eclipse.m2e.core.internal.Bundles - getClasspathEntries(Bundle=javax.annotation_1.3.5.v20221203-1659 [19])
2023-05-29 20:08:28,973 [Worker-6: Launching mavenrun-dd342505-4f87-47a9-b90c-6b835704e9a3] INFO  o.eclipse.m2e.core.internal.Bundles - 	Entry: C:\Users\rockz\.p2\pool\plugins\javax.annotation_1.3.5.v20221203-1659.jar
2023-05-29 20:08:28,973 [Worker-6: Launching mavenrun-dd342505-4f87-47a9-b90c-6b835704e9a3] INFO  o.eclipse.m2e.core.internal.Bundles - getClasspathEntries(Bundle=org.apache.commons.cli_1.4.0.v20221112-0806 [41])
2023-05-29 20:08:28,974 [Worker-6: Launching mavenrun-dd342505-4f87-47a9-b90c-6b835704e9a3] INFO  o.eclipse.m2e.core.internal.Bundles - 	Entry: C:\Users\rockz\.p2\pool\plugins\org.apache.commons.cli_1.4.0.v20221112-0806.jar
2023-05-29 20:08:28,974 [Worker-6: Launching mavenrun-dd342505-4f87-47a9-b90c-6b835704e9a3] INFO  o.eclipse.m2e.core.internal.Bundles - getClasspathEntries(Bundle=com.google.guava.failureaccess_1.0.1 [11])
2023-05-29 20:08:28,979 [Worker-6: Launching mavenrun-dd342505-4f87-47a9-b90c-6b835704e9a3] INFO  o.eclipse.m2e.core.internal.Bundles - 	Entry: C:\Users\rockz\.p2\pool\plugins\com.google.guava.failureaccess_1.0.1.jar
2023-05-29 20:08:28,985 [Worker-6: Launching mavenrun-dd342505-4f87-47a9-b90c-6b835704e9a3] INFO  o.e.m.i.launch.MavenLaunchDelegate - Run build in "C:\Users\rockz\AppData\Local\Temp\m2e-archetypeGenerator17798561195488520571":
2023-05-29 20:08:28,991 [Worker-6: Launching mavenrun-dd342505-4f87-47a9-b90c-6b835704e9a3] INFO  o.e.m.i.launch.MavenLaunchDelegate -  mvn  -DarchetypeGroupId=org.apache.maven.archetypes -DarchetypeArtifactId=maven-archetype-quickstart -DarchetypeVersion=1.4 -DgroupId=OrangeHRMApplication -DartifactId=OrangeHRM_POM -Dversion=0.0.1-SNAPSHOT -Dpackage=OrangeHRMApplication.OrangeHRM_POM -DoutputDirectory=C:\Users\rockz\eclipse-workspace\Prasad-workspace -Dstyle.color=always -U archetype:generate
